0 info it worked if it ends with ok
1 verbose cli [ '/usr/bin/node', '/usr/bin/npm', 'run', 'build:client' ]
2 info using npm@4.0.5
3 info using node@v7.4.0
4 verbose run-script [ 'prebuild:client', 'build:client', 'postbuild:client' ]
5 info lifecycle elm-starter@1.0.0~prebuild:client: elm-starter@1.0.0
6 silly lifecycle elm-starter@1.0.0~prebuild:client: no script for prebuild:client, continuing
7 info lifecycle elm-starter@1.0.0~build:client: elm-starter@1.0.0
8 verbose lifecycle elm-starter@1.0.0~build:client: unsafe-perm in lifecycle true
9 verbose lifecycle elm-starter@1.0.0~build:client: PATH: /usr/lib/node_modules/npm/bin/node-gyp-bin:/home/tony/Desktop/git/elm-starter/node_modules/.bin:/home/tony/bin:/home/tony/.local/bin:/usr/local/sbin:/usr/local/bin:/usr/sbin:/usr/bin:/sbin:/bin:/usr/games:/usr/local/games:/snap/bin:/home/tony/.rvm/bin:/home/tony/.rvm/bin
10 verbose lifecycle elm-starter@1.0.0~build:client: CWD: /home/tony/Desktop/git/elm-starter
11 silly lifecycle elm-starter@1.0.0~build:client: Args: [ '-c',
11 silly lifecycle   'elm make ./client/Main.elm --output ./public/main.bundle.js' ]
12 silly lifecycle elm-starter@1.0.0~build:client: Returned: code: 1  signal: null
13 info lifecycle elm-starter@1.0.0~build:client: Failed to exec build:client script
14 verbose stack Error: elm-starter@1.0.0 build:client: `elm make ./client/Main.elm --output ./public/main.bundle.js`
14 verbose stack Exit status 1
14 verbose stack     at EventEmitter.<anonymous> (/usr/lib/node_modules/npm/lib/utils/lifecycle.js:279:16)
14 verbose stack     at emitTwo (events.js:106:13)
14 verbose stack     at EventEmitter.emit (events.js:191:7)
14 verbose stack     at ChildProcess.<anonymous> (/usr/lib/node_modules/npm/lib/utils/spawn.js:40:14)
14 verbose stack     at emitTwo (events.js:106:13)
14 verbose stack     at ChildProcess.emit (events.js:191:7)
14 verbose stack     at maybeClose (internal/child_process.js:885:16)
14 verbose stack     at Process.ChildProcess._handle.onexit (internal/child_process.js:226:5)
15 verbose pkgid elm-starter@1.0.0
16 verbose cwd /home/tony/Desktop/git/elm-starter
17 error Linux 4.4.0-66-generic
18 error argv "/usr/bin/node" "/usr/bin/npm" "run" "build:client"
19 error node v7.4.0
20 error npm  v4.0.5
21 error code ELIFECYCLE
22 error elm-starter@1.0.0 build:client: `elm make ./client/Main.elm --output ./public/main.bundle.js`
22 error Exit status 1
23 error Failed at the elm-starter@1.0.0 build:client script 'elm make ./client/Main.elm --output ./public/main.bundle.js'.
23 error Make sure you have the latest version of node.js and npm installed.
23 error If you do, this is most likely a problem with the elm-starter package,
23 error not with npm itself.
23 error Tell the author that this fails on your system:
23 error     elm make ./client/Main.elm --output ./public/main.bundle.js
23 error You can get information on how to open an issue for this project with:
23 error     npm bugs elm-starter
23 error Or if that isn't available, you can get their info via:
23 error     npm owner ls elm-starter
23 error There is likely additional logging output above.
24 verbose exit [ 1, true ]
